<?xml version="1.0" encoding="UTF-8"?>
<!-- Generated by org.testng.reporters.JUnitXMLReporter -->
<testsuite hostname="CharlesAbs227" failures="0" tests="4" name="Command line test" time="0.694" errors="0" timestamp="14 Oct 2022 18:17:28 GMT">
  <testcase classname="com.abstf.AndroidTest" name="@BeforeClass setup" time="0.0">
    <failure type="java.lang.RuntimeException" message="Process refused to die after 10 seconds, and couldn&amp;apos;t taskkill it: Unable to make field private final long java.lang.ProcessImpl.handle accessible: module java.base does not &amp;quot;opens java.lang&amp;quot; to unnamed module @4d41cee">
      <![CDATA[java.lang.RuntimeException: Process refused to die after 10 seconds, and couldn't taskkill it: Unable to make field private final long java.lang.ProcessImpl.handle accessible: module java.base does not "opens java.lang" to unnamed module @4d41cee
	at org.openqa.selenium.os.ProcessUtils.killWinProcess(ProcessUtils.java:143)
	at org.openqa.selenium.os.ProcessUtils.killProcess(ProcessUtils.java:81)
	at org.openqa.selenium.os.UnixProcess$SeleniumWatchDog.destroyHarder(UnixProcess.java:247)
	at org.openqa.selenium.os.UnixProcess$SeleniumWatchDog.access$200(UnixProcess.java:201)
	at org.openqa.selenium.os.UnixProcess.destroy(UnixProcess.java:125)
	at org.openqa.selenium.os.CommandLine.destroy(CommandLine.java:155)
	at io.appium.java_client.service.local.AppiumServiceBuilder.findDefaultExecutable(AppiumServiceBuilder.java:215)
	at org.openqa.selenium.remote.service.DriverService$Builder.build(DriverService.java:296)
	at io.appium.java_client.service.local.AppiumDriverLocalService.buildService(AppiumDriverLocalService.java:74)
	at io.appium.java_client.service.local.AppiumDriverLocalService.buildDefaultService(AppiumDriverLocalService.java:70)
	at com.abstf.AndroidTest.createAppiumService(AndroidTest.java:35)
	at com.abstf.AndroidTest.setup(AndroidTest.java:56)
	at org.openqa.selenium.os.ProcessUtils.killWinProcess(ProcessUtils.java:130)
	... 40 more
... Removed 34 stack frames]]>
    </failure>
  </testcase> <!-- @BeforeClass setup -->
  <testcase classname="com.abstf.AndroidTest" name="@BeforeClass setup" time="0.0">
    <skipped/>
  </testcase> <!-- @BeforeClass setup -->
  <testcase classname="com.abstf.AndroidTest" name="@AfterClass tearDown" time="0.0">
    <skipped/>
  </testcase> <!-- @AfterClass tearDown -->
  <testcase classname="com.abstf.AndroidTest" name="@AfterClass tearDown" time="0.0">
    <skipped/>
  </testcase> <!-- @AfterClass tearDown -->
  <testcase classname="com.abstf.AndroidTest" name="currentActivityTest" time="0.0">
    <skipped/>
  </testcase> <!-- currentActivityTest -->
  <testcase classname="com.abstf.AndroidTest" name="currentActivityTest" time="0.0">
    <skipped/>
  </testcase> <!-- currentActivityTest -->
  <testcase classname="com.abstf.AndroidTest" name="scrollingToSubElement" time="0.0">
    <skipped/>
  </testcase> <!-- scrollingToSubElement -->
  <testcase classname="com.abstf.AndroidTest" name="scrollingToSubElement" time="0.0">
    <skipped/>
  </testcase> <!-- scrollingToSubElement -->
</testsuite> <!-- Command line test -->
